<?xml version="1.0" encoding="UTF-8"?>
<testsuite xmlns:xsi="http://www.w3.org/2001/XMLSchema-instance" xsi:noNamespaceSchemaLocation="https://maven.apache.org/surefire/maven-surefire-plugin/xsd/surefire-test-report.xsd" version="3.0.2" name="gmbh.conteco.seminarverwaltung.SeminarverwaltungApplicationTests" time="1.029" tests="1" errors="0" skipped="0" failures="0">
  <properties>
    <property name="java.specification.version" value="23"/>
    <property name="sun.jnu.encoding" value="UTF-8"/>
    <property name="java.class.path" value="/home/alperen/Project/java-testing/target/test-classes:/home/alperen/Project/java-testing/target/classes:/home/alperen/.m2/repository/org/springframework/boot/spring-boot-starter-data-jpa/3.4.4/spring-boot-starter-data-jpa-3.4.4.jar:/home/alperen/.m2/repository/org/springframework/boot/spring-boot-starter/3.4.4/spring-boot-starter-3.4.4.jar:/home/alperen/.m2/repository/org/springframework/boot/spring-boot-starter-logging/3.4.4/spring-boot-starter-logging-3.4.4.jar:/home/alperen/.m2/repository/ch/qos/logback/logback-classic/1.5.18/logback-classic-1.5.18.jar:/home/alperen/.m2/repository/ch/qos/logback/logback-core/1.5.18/logback-core-1.5.18.jar:/home/alperen/.m2/repository/org/apache/logging/log4j/log4j-to-slf4j/2.24.3/log4j-to-slf4j-2.24.3.jar:/home/alperen/.m2/repository/org/apache/logging/log4j/log4j-api/2.24.3/log4j-api-2.24.3.jar:/home/alperen/.m2/repository/org/slf4j/jul-to-slf4j/2.0.17/jul-to-slf4j-2.0.17.jar:/home/alperen/.m2/repository/jakarta/annotation/jakarta.annotation-api/2.1.1/jakarta.annotation-api-2.1.1.jar:/home/alperen/.m2/repository/org/yaml/snakeyaml/2.3/snakeyaml-2.3.jar:/home/alperen/.m2/repository/org/springframework/boot/spring-boot-starter-jdbc/3.4.4/spring-boot-starter-jdbc-3.4.4.jar:/home/alperen/.m2/repository/com/zaxxer/HikariCP/5.1.0/HikariCP-5.1.0.jar:/home/alperen/.m2/repository/org/springframework/spring-jdbc/6.2.5/spring-jdbc-6.2.5.jar:/home/alperen/.m2/repository/org/hibernate/orm/hibernate-core/6.6.11.Final/hibernate-core-6.6.11.Final.jar:/home/alperen/.m2/repository/jakarta/persistence/jakarta.persistence-api/3.1.0/jakarta.persistence-api-3.1.0.jar:/home/alperen/.m2/repository/jakarta/transaction/jakarta.transaction-api/2.0.1/jakarta.transaction-api-2.0.1.jar:/home/alperen/.m2/repository/org/jboss/logging/jboss-logging/3.6.1.Final/jboss-logging-3.6.1.Final.jar:/home/alperen/.m2/repository/org/hibernate/common/hibernate-commons-annotations/7.0.3.Final/hibernate-commons-annotations-7.0.3.Final.jar:/home/alperen/.m2/repository/io/smallrye/jandex/3.2.0/jandex-3.2.0.jar:/home/alperen/.m2/repository/com/fasterxml/classmate/1.7.0/classmate-1.7.0.jar:/home/alperen/.m2/repository/net/bytebuddy/byte-buddy/1.15.11/byte-buddy-1.15.11.jar:/home/alperen/.m2/repository/org/glassfish/jaxb/jaxb-runtime/4.0.5/jaxb-runtime-4.0.5.jar:/home/alperen/.m2/repository/org/glassfish/jaxb/jaxb-core/4.0.5/jaxb-core-4.0.5.jar:/home/alperen/.m2/repository/org/eclipse/angus/angus-activation/2.0.2/angus-activation-2.0.2.jar:/home/alperen/.m2/repository/org/glassfish/jaxb/txw2/4.0.5/txw2-4.0.5.jar:/home/alperen/.m2/repository/com/sun/istack/istack-commons-runtime/4.1.2/istack-commons-runtime-4.1.2.jar:/home/alperen/.m2/repository/jakarta/inject/jakarta.inject-api/2.0.1/jakarta.inject-api-2.0.1.jar:/home/alperen/.m2/repository/org/antlr/antlr4-runtime/4.13.0/antlr4-runtime-4.13.0.jar:/home/alperen/.m2/repository/org/springframework/data/spring-data-jpa/3.4.4/spring-data-jpa-3.4.4.jar:/home/alperen/.m2/repository/org/springframework/data/spring-data-commons/3.4.4/spring-data-commons-3.4.4.jar:/home/alperen/.m2/repository/org/springframework/spring-orm/6.2.5/spring-orm-6.2.5.jar:/home/alperen/.m2/repository/org/springframework/spring-context/6.2.5/spring-context-6.2.5.jar:/home/alperen/.m2/repository/org/springframework/spring-aop/6.2.5/spring-aop-6.2.5.jar:/home/alperen/.m2/repository/org/springframework/spring-tx/6.2.5/spring-tx-6.2.5.jar:/home/alperen/.m2/repository/org/springframework/spring-beans/6.2.5/spring-beans-6.2.5.jar:/home/alperen/.m2/repository/org/slf4j/slf4j-api/2.0.17/slf4j-api-2.0.17.jar:/home/alperen/.m2/repository/org/springframework/spring-aspects/6.2.5/spring-aspects-6.2.5.jar:/home/alperen/.m2/repository/org/aspectj/aspectjweaver/1.9.23/aspectjweaver-1.9.23.jar:/home/alperen/.m2/repository/org/springframework/boot/spring-boot-starter-web/3.4.4/spring-boot-starter-web-3.4.4.jar:/home/alperen/.m2/repository/org/springframework/boot/spring-boot-starter-json/3.4.4/spring-boot-starter-json-3.4.4.jar:/home/alperen/.m2/repository/com/fasterxml/jackson/core/jackson-databind/2.18.3/jackson-databind-2.18.3.jar:/home/alperen/.m2/repository/com/fasterxml/jackson/core/jackson-annotations/2.18.3/jackson-annotations-2.18.3.jar:/home/alperen/.m2/repository/com/fasterxml/jackson/core/jackson-core/2.18.3/jackson-core-2.18.3.jar:/home/alperen/.m2/repository/com/fasterxml/jackson/datatype/jackson-datatype-jdk8/2.18.3/jackson-datatype-jdk8-2.18.3.jar:/home/alperen/.m2/repository/com/fasterxml/jackson/datatype/jackson-datatype-jsr310/2.18.3/jackson-datatype-jsr310-2.18.3.jar:/home/alperen/.m2/repository/com/fasterxml/jackson/module/jackson-module-parameter-names/2.18.3/jackson-module-parameter-names-2.18.3.jar:/home/alperen/.m2/repository/org/springframework/boot/spring-boot-starter-tomcat/3.4.4/spring-boot-starter-tomcat-3.4.4.jar:/home/alperen/.m2/repository/org/apache/tomcat/embed/tomcat-embed-core/10.1.39/tomcat-embed-core-10.1.39.jar:/home/alperen/.m2/repository/org/apache/tomcat/embed/tomcat-embed-websocket/10.1.39/tomcat-embed-websocket-10.1.39.jar:/home/alperen/.m2/repository/org/springframework/spring-web/6.2.5/spring-web-6.2.5.jar:/home/alperen/.m2/repository/io/micrometer/micrometer-observation/1.14.5/micrometer-observation-1.14.5.jar:/home/alperen/.m2/repository/io/micrometer/micrometer-commons/1.14.5/micrometer-commons-1.14.5.jar:/home/alperen/.m2/repository/org/springframework/spring-webmvc/6.2.5/spring-webmvc-6.2.5.jar:/home/alperen/.m2/repository/org/springframework/spring-expression/6.2.5/spring-expression-6.2.5.jar:/home/alperen/.m2/repository/org/springframework/boot/spring-boot-devtools/3.4.4/spring-boot-devtools-3.4.4.jar:/home/alperen/.m2/repository/org/springframework/boot/spring-boot/3.4.4/spring-boot-3.4.4.jar:/home/alperen/.m2/repository/org/springframework/boot/spring-boot-autoconfigure/3.4.4/spring-boot-autoconfigure-3.4.4.jar:/home/alperen/.m2/repository/com/h2database/h2/2.3.232/h2-2.3.232.jar:/home/alperen/.m2/repository/org/projectlombok/lombok/1.18.36/lombok-1.18.36.jar:/home/alperen/.m2/repository/org/springdoc/springdoc-openapi-starter-webmvc-ui/2.8.6/springdoc-openapi-starter-webmvc-ui-2.8.6.jar:/home/alperen/.m2/repository/org/springdoc/springdoc-openapi-starter-webmvc-api/2.8.6/springdoc-openapi-starter-webmvc-api-2.8.6.jar:/home/alperen/.m2/repository/org/springdoc/springdoc-openapi-starter-common/2.8.6/springdoc-openapi-starter-common-2.8.6.jar:/home/alperen/.m2/repository/io/swagger/core/v3/swagger-core-jakarta/2.2.29/swagger-core-jakarta-2.2.29.jar:/home/alperen/.m2/repository/org/apache/commons/commons-lang3/3.17.0/commons-lang3-3.17.0.jar:/home/alperen/.m2/repository/io/swagger/core/v3/swagger-annotations-jakarta/2.2.29/swagger-annotations-jakarta-2.2.29.jar:/home/alperen/.m2/repository/io/swagger/core/v3/swagger-models-jakarta/2.2.29/swagger-models-jakarta-2.2.29.jar:/home/alperen/.m2/repository/com/fasterxml/jackson/dataformat/jackson-dataformat-yaml/2.18.3/jackson-dataformat-yaml-2.18.3.jar:/home/alperen/.m2/repository/org/webjars/swagger-ui/5.20.1/swagger-ui-5.20.1.jar:/home/alperen/.m2/repository/org/webjars/webjars-locator-lite/1.0.1/webjars-locator-lite-1.0.1.jar:/home/alperen/.m2/repository/org/jspecify/jspecify/1.0.0/jspecify-1.0.0.jar:/home/alperen/.m2/repository/org/mapstruct/mapstruct/1.6.3/mapstruct-1.6.3.jar:/home/alperen/.m2/repository/org/mapstruct/mapstruct-processor/1.6.3/mapstruct-processor-1.6.3.jar:/home/alperen/.m2/repository/org/springframework/boot/spring-boot-starter-test/3.4.4/spring-boot-starter-test-3.4.4.jar:/home/alperen/.m2/repository/org/springframework/boot/spring-boot-test/3.4.4/spring-boot-test-3.4.4.jar:/home/alperen/.m2/repository/org/springframework/boot/spring-boot-test-autoconfigure/3.4.4/spring-boot-test-autoconfigure-3.4.4.jar:/home/alperen/.m2/repository/com/jayway/jsonpath/json-path/2.9.0/json-path-2.9.0.jar:/home/alperen/.m2/repository/jakarta/xml/bind/jakarta.xml.bind-api/4.0.2/jakarta.xml.bind-api-4.0.2.jar:/home/alperen/.m2/repository/jakarta/activation/jakarta.activation-api/2.1.3/jakarta.activation-api-2.1.3.jar:/home/alperen/.m2/repository/net/minidev/json-smart/2.5.2/json-smart-2.5.2.jar:/home/alperen/.m2/repository/net/minidev/accessors-smart/2.5.2/accessors-smart-2.5.2.jar:/home/alperen/.m2/repository/org/ow2/asm/asm/9.7.1/asm-9.7.1.jar:/home/alperen/.m2/repository/org/assertj/assertj-core/3.26.3/assertj-core-3.26.3.jar:/home/alperen/.m2/repository/org/awaitility/awaitility/4.2.2/awaitility-4.2.2.jar:/home/alperen/.m2/repository/org/hamcrest/hamcrest/2.2/hamcrest-2.2.jar:/home/alperen/.m2/repository/org/junit/jupiter/junit-jupiter/5.11.4/junit-jupiter-5.11.4.jar:/home/alperen/.m2/repository/org/junit/jupiter/junit-jupiter-api/5.11.4/junit-jupiter-api-5.11.4.jar:/home/alperen/.m2/repository/org/opentest4j/opentest4j/1.3.0/opentest4j-1.3.0.jar:/home/alperen/.m2/repository/org/junit/platform/junit-platform-commons/1.11.4/junit-platform-commons-1.11.4.jar:/home/alperen/.m2/repository/org/apiguardian/apiguardian-api/1.1.2/apiguardian-api-1.1.2.jar:/home/alperen/.m2/repository/org/junit/jupiter/junit-jupiter-params/5.11.4/junit-jupiter-params-5.11.4.jar:/home/alperen/.m2/repository/org/junit/jupiter/junit-jupiter-engine/5.11.4/junit-jupiter-engine-5.11.4.jar:/home/alperen/.m2/repository/org/junit/platform/junit-platform-engine/1.11.4/junit-platform-engine-1.11.4.jar:/home/alperen/.m2/repository/org/mockito/mockito-core/5.14.2/mockito-core-5.14.2.jar:/home/alperen/.m2/repository/net/bytebuddy/byte-buddy-agent/1.15.11/byte-buddy-agent-1.15.11.jar:/home/alperen/.m2/repository/org/objenesis/objenesis/3.3/objenesis-3.3.jar:/home/alperen/.m2/repository/org/mockito/mockito-junit-jupiter/5.14.2/mockito-junit-jupiter-5.14.2.jar:/home/alperen/.m2/repository/org/skyscreamer/jsonassert/1.5.3/jsonassert-1.5.3.jar:/home/alperen/.m2/repository/com/vaadin/external/google/android-json/0.0.20131108.vaadin1/android-json-0.0.20131108.vaadin1.jar:/home/alperen/.m2/repository/org/springframework/spring-core/6.2.5/spring-core-6.2.5.jar:/home/alperen/.m2/repository/org/springframework/spring-jcl/6.2.5/spring-jcl-6.2.5.jar:/home/alperen/.m2/repository/org/springframework/spring-test/6.2.5/spring-test-6.2.5.jar:/home/alperen/.m2/repository/org/xmlunit/xmlunit-core/2.10.0/xmlunit-core-2.10.0.jar:/home/alperen/.m2/repository/org/springframework/boot/spring-boot-starter-validation/3.4.4/spring-boot-starter-validation-3.4.4.jar:/home/alperen/.m2/repository/org/apache/tomcat/embed/tomcat-embed-el/10.1.39/tomcat-embed-el-10.1.39.jar:/home/alperen/.m2/repository/org/hibernate/validator/hibernate-validator/8.0.2.Final/hibernate-validator-8.0.2.Final.jar:/home/alperen/.m2/repository/jakarta/validation/jakarta.validation-api/3.0.2/jakarta.validation-api-3.0.2.jar:"/>
    <property name="java.vm.vendor" value="Homebrew"/>
    <property name="sun.arch.data.model" value="64"/>
    <property name="java.vendor.url" value="https://github.com/Homebrew/homebrew-core/issues"/>
    <property name="user.timezone" value="Europe/Berlin"/>
    <property name="org.jboss.logging.provider" value="slf4j"/>
    <property name="os.name" value="Linux"/>
    <property name="java.vm.specification.version" value="23"/>
    <property name="APPLICATION_NAME" value="Seminarverwaltung"/>
    <property name="sun.java.launcher" value="SUN_STANDARD"/>
    <property name="user.country" value="DE"/>
    <property name="sun.boot.library.path" value="/home/linuxbrew/.linuxbrew/Cellar/openjdk/23.0.2/libexec/lib"/>
    <property name="sun.java.command" value="/home/alperen/Project/java-testing/target/surefire/surefirebooter-20250412124335973_3.jar /home/alperen/Project/java-testing/target/surefire 2025-04-12T12-43-35_594-jvmRun1 surefire-20250412124335973_1tmp surefire_0-20250412124335973_2tmp"/>
    <property name="jdk.debug" value="release"/>
    <property name="surefire.test.class.path" value="/home/alperen/Project/java-testing/target/test-classes:/home/alperen/Project/java-testing/target/classes:/home/alperen/.m2/repository/org/springframework/boot/spring-boot-starter-data-jpa/3.4.4/spring-boot-starter-data-jpa-3.4.4.jar:/home/alperen/.m2/repository/org/springframework/boot/spring-boot-starter/3.4.4/spring-boot-starter-3.4.4.jar:/home/alperen/.m2/repository/org/springframework/boot/spring-boot-starter-logging/3.4.4/spring-boot-starter-logging-3.4.4.jar:/home/alperen/.m2/repository/ch/qos/logback/logback-classic/1.5.18/logback-classic-1.5.18.jar:/home/alperen/.m2/repository/ch/qos/logback/logback-core/1.5.18/logback-core-1.5.18.jar:/home/alperen/.m2/repository/org/apache/logging/log4j/log4j-to-slf4j/2.24.3/log4j-to-slf4j-2.24.3.jar:/home/alperen/.m2/repository/org/apache/logging/log4j/log4j-api/2.24.3/log4j-api-2.24.3.jar:/home/alperen/.m2/repository/org/slf4j/jul-to-slf4j/2.0.17/jul-to-slf4j-2.0.17.jar:/home/alperen/.m2/repository/jakarta/annotation/jakarta.annotation-api/2.1.1/jakarta.annotation-api-2.1.1.jar:/home/alperen/.m2/repository/org/yaml/snakeyaml/2.3/snakeyaml-2.3.jar:/home/alperen/.m2/repository/org/springframework/boot/spring-boot-starter-jdbc/3.4.4/spring-boot-starter-jdbc-3.4.4.jar:/home/alperen/.m2/repository/com/zaxxer/HikariCP/5.1.0/HikariCP-5.1.0.jar:/home/alperen/.m2/repository/org/springframework/spring-jdbc/6.2.5/spring-jdbc-6.2.5.jar:/home/alperen/.m2/repository/org/hibernate/orm/hibernate-core/6.6.11.Final/hibernate-core-6.6.11.Final.jar:/home/alperen/.m2/repository/jakarta/persistence/jakarta.persistence-api/3.1.0/jakarta.persistence-api-3.1.0.jar:/home/alperen/.m2/repository/jakarta/transaction/jakarta.transaction-api/2.0.1/jakarta.transaction-api-2.0.1.jar:/home/alperen/.m2/repository/org/jboss/logging/jboss-logging/3.6.1.Final/jboss-logging-3.6.1.Final.jar:/home/alperen/.m2/repository/org/hibernate/common/hibernate-commons-annotations/7.0.3.Final/hibernate-commons-annotations-7.0.3.Final.jar:/home/alperen/.m2/repository/io/smallrye/jandex/3.2.0/jandex-3.2.0.jar:/home/alperen/.m2/repository/com/fasterxml/classmate/1.7.0/classmate-1.7.0.jar:/home/alperen/.m2/repository/net/bytebuddy/byte-buddy/1.15.11/byte-buddy-1.15.11.jar:/home/alperen/.m2/repository/org/glassfish/jaxb/jaxb-runtime/4.0.5/jaxb-runtime-4.0.5.jar:/home/alperen/.m2/repository/org/glassfish/jaxb/jaxb-core/4.0.5/jaxb-core-4.0.5.jar:/home/alperen/.m2/repository/org/eclipse/angus/angus-activation/2.0.2/angus-activation-2.0.2.jar:/home/alperen/.m2/repository/org/glassfish/jaxb/txw2/4.0.5/txw2-4.0.5.jar:/home/alperen/.m2/repository/com/sun/istack/istack-commons-runtime/4.1.2/istack-commons-runtime-4.1.2.jar:/home/alperen/.m2/repository/jakarta/inject/jakarta.inject-api/2.0.1/jakarta.inject-api-2.0.1.jar:/home/alperen/.m2/repository/org/antlr/antlr4-runtime/4.13.0/antlr4-runtime-4.13.0.jar:/home/alperen/.m2/repository/org/springframework/data/spring-data-jpa/3.4.4/spring-data-jpa-3.4.4.jar:/home/alperen/.m2/repository/org/springframework/data/spring-data-commons/3.4.4/spring-data-commons-3.4.4.jar:/home/alperen/.m2/repository/org/springframework/spring-orm/6.2.5/spring-orm-6.2.5.jar:/home/alperen/.m2/repository/org/springframework/spring-context/6.2.5/spring-context-6.2.5.jar:/home/alperen/.m2/repository/org/springframework/spring-aop/6.2.5/spring-aop-6.2.5.jar:/home/alperen/.m2/repository/org/springframework/spring-tx/6.2.5/spring-tx-6.2.5.jar:/home/alperen/.m2/repository/org/springframework/spring-beans/6.2.5/spring-beans-6.2.5.jar:/home/alperen/.m2/repository/org/slf4j/slf4j-api/2.0.17/slf4j-api-2.0.17.jar:/home/alperen/.m2/repository/org/springframework/spring-aspects/6.2.5/spring-aspects-6.2.5.jar:/home/alperen/.m2/repository/org/aspectj/aspectjweaver/1.9.23/aspectjweaver-1.9.23.jar:/home/alperen/.m2/repository/org/springframework/boot/spring-boot-starter-web/3.4.4/spring-boot-starter-web-3.4.4.jar:/home/alperen/.m2/repository/org/springframework/boot/spring-boot-starter-json/3.4.4/spring-boot-starter-json-3.4.4.jar:/home/alperen/.m2/repository/com/fasterxml/jackson/core/jackson-databind/2.18.3/jackson-databind-2.18.3.jar:/home/alperen/.m2/repository/com/fasterxml/jackson/core/jackson-annotations/2.18.3/jackson-annotations-2.18.3.jar:/home/alperen/.m2/repository/com/fasterxml/jackson/core/jackson-core/2.18.3/jackson-core-2.18.3.jar:/home/alperen/.m2/repository/com/fasterxml/jackson/datatype/jackson-datatype-jdk8/2.18.3/jackson-datatype-jdk8-2.18.3.jar:/home/alperen/.m2/repository/com/fasterxml/jackson/datatype/jackson-datatype-jsr310/2.18.3/jackson-datatype-jsr310-2.18.3.jar:/home/alperen/.m2/repository/com/fasterxml/jackson/module/jackson-module-parameter-names/2.18.3/jackson-module-parameter-names-2.18.3.jar:/home/alperen/.m2/repository/org/springframework/boot/spring-boot-starter-tomcat/3.4.4/spring-boot-starter-tomcat-3.4.4.jar:/home/alperen/.m2/repository/org/apache/tomcat/embed/tomcat-embed-core/10.1.39/tomcat-embed-core-10.1.39.jar:/home/alperen/.m2/repository/org/apache/tomcat/embed/tomcat-embed-websocket/10.1.39/tomcat-embed-websocket-10.1.39.jar:/home/alperen/.m2/repository/org/springframework/spring-web/6.2.5/spring-web-6.2.5.jar:/home/alperen/.m2/repository/io/micrometer/micrometer-observation/1.14.5/micrometer-observation-1.14.5.jar:/home/alperen/.m2/repository/io/micrometer/micrometer-commons/1.14.5/micrometer-commons-1.14.5.jar:/home/alperen/.m2/repository/org/springframework/spring-webmvc/6.2.5/spring-webmvc-6.2.5.jar:/home/alperen/.m2/repository/org/springframework/spring-expression/6.2.5/spring-expression-6.2.5.jar:/home/alperen/.m2/repository/org/springframework/boot/spring-boot-devtools/3.4.4/spring-boot-devtools-3.4.4.jar:/home/alperen/.m2/repository/org/springframework/boot/spring-boot/3.4.4/spring-boot-3.4.4.jar:/home/alperen/.m2/repository/org/springframework/boot/spring-boot-autoconfigure/3.4.4/spring-boot-autoconfigure-3.4.4.jar:/home/alperen/.m2/repository/com/h2database/h2/2.3.232/h2-2.3.232.jar:/home/alperen/.m2/repository/org/projectlombok/lombok/1.18.36/lombok-1.18.36.jar:/home/alperen/.m2/repository/org/springdoc/springdoc-openapi-starter-webmvc-ui/2.8.6/springdoc-openapi-starter-webmvc-ui-2.8.6.jar:/home/alperen/.m2/repository/org/springdoc/springdoc-openapi-starter-webmvc-api/2.8.6/springdoc-openapi-starter-webmvc-api-2.8.6.jar:/home/alperen/.m2/repository/org/springdoc/springdoc-openapi-starter-common/2.8.6/springdoc-openapi-starter-common-2.8.6.jar:/home/alperen/.m2/repository/io/swagger/core/v3/swagger-core-jakarta/2.2.29/swagger-core-jakarta-2.2.29.jar:/home/alperen/.m2/repository/org/apache/commons/commons-lang3/3.17.0/commons-lang3-3.17.0.jar:/home/alperen/.m2/repository/io/swagger/core/v3/swagger-annotations-jakarta/2.2.29/swagger-annotations-jakarta-2.2.29.jar:/home/alperen/.m2/repository/io/swagger/core/v3/swagger-models-jakarta/2.2.29/swagger-models-jakarta-2.2.29.jar:/home/alperen/.m2/repository/com/fasterxml/jackson/dataformat/jackson-dataformat-yaml/2.18.3/jackson-dataformat-yaml-2.18.3.jar:/home/alperen/.m2/repository/org/webjars/swagger-ui/5.20.1/swagger-ui-5.20.1.jar:/home/alperen/.m2/repository/org/webjars/webjars-locator-lite/1.0.1/webjars-locator-lite-1.0.1.jar:/home/alperen/.m2/repository/org/jspecify/jspecify/1.0.0/jspecify-1.0.0.jar:/home/alperen/.m2/repository/org/mapstruct/mapstruct/1.6.3/mapstruct-1.6.3.jar:/home/alperen/.m2/repository/org/mapstruct/mapstruct-processor/1.6.3/mapstruct-processor-1.6.3.jar:/home/alperen/.m2/repository/org/springframework/boot/spring-boot-starter-test/3.4.4/spring-boot-starter-test-3.4.4.jar:/home/alperen/.m2/repository/org/springframework/boot/spring-boot-test/3.4.4/spring-boot-test-3.4.4.jar:/home/alperen/.m2/repository/org/springframework/boot/spring-boot-test-autoconfigure/3.4.4/spring-boot-test-autoconfigure-3.4.4.jar:/home/alperen/.m2/repository/com/jayway/jsonpath/json-path/2.9.0/json-path-2.9.0.jar:/home/alperen/.m2/repository/jakarta/xml/bind/jakarta.xml.bind-api/4.0.2/jakarta.xml.bind-api-4.0.2.jar:/home/alperen/.m2/repository/jakarta/activation/jakarta.activation-api/2.1.3/jakarta.activation-api-2.1.3.jar:/home/alperen/.m2/repository/net/minidev/json-smart/2.5.2/json-smart-2.5.2.jar:/home/alperen/.m2/repository/net/minidev/accessors-smart/2.5.2/accessors-smart-2.5.2.jar:/home/alperen/.m2/repository/org/ow2/asm/asm/9.7.1/asm-9.7.1.jar:/home/alperen/.m2/repository/org/assertj/assertj-core/3.26.3/assertj-core-3.26.3.jar:/home/alperen/.m2/repository/org/awaitility/awaitility/4.2.2/awaitility-4.2.2.jar:/home/alperen/.m2/repository/org/hamcrest/hamcrest/2.2/hamcrest-2.2.jar:/home/alperen/.m2/repository/org/junit/jupiter/junit-jupiter/5.11.4/junit-jupiter-5.11.4.jar:/home/alperen/.m2/repository/org/junit/jupiter/junit-jupiter-api/5.11.4/junit-jupiter-api-5.11.4.jar:/home/alperen/.m2/repository/org/opentest4j/opentest4j/1.3.0/opentest4j-1.3.0.jar:/home/alperen/.m2/repository/org/junit/platform/junit-platform-commons/1.11.4/junit-platform-commons-1.11.4.jar:/home/alperen/.m2/repository/org/apiguardian/apiguardian-api/1.1.2/apiguardian-api-1.1.2.jar:/home/alperen/.m2/repository/org/junit/jupiter/junit-jupiter-params/5.11.4/junit-jupiter-params-5.11.4.jar:/home/alperen/.m2/repository/org/junit/jupiter/junit-jupiter-engine/5.11.4/junit-jupiter-engine-5.11.4.jar:/home/alperen/.m2/repository/org/junit/platform/junit-platform-engine/1.11.4/junit-platform-engine-1.11.4.jar:/home/alperen/.m2/repository/org/mockito/mockito-core/5.14.2/mockito-core-5.14.2.jar:/home/alperen/.m2/repository/net/bytebuddy/byte-buddy-agent/1.15.11/byte-buddy-agent-1.15.11.jar:/home/alperen/.m2/repository/org/objenesis/objenesis/3.3/objenesis-3.3.jar:/home/alperen/.m2/repository/org/mockito/mockito-junit-jupiter/5.14.2/mockito-junit-jupiter-5.14.2.jar:/home/alperen/.m2/repository/org/skyscreamer/jsonassert/1.5.3/jsonassert-1.5.3.jar:/home/alperen/.m2/repository/com/vaadin/external/google/android-json/0.0.20131108.vaadin1/android-json-0.0.20131108.vaadin1.jar:/home/alperen/.m2/repository/org/springframework/spring-core/6.2.5/spring-core-6.2.5.jar:/home/alperen/.m2/repository/org/springframework/spring-jcl/6.2.5/spring-jcl-6.2.5.jar:/home/alperen/.m2/repository/org/springframework/spring-test/6.2.5/spring-test-6.2.5.jar:/home/alperen/.m2/repository/org/xmlunit/xmlunit-core/2.10.0/xmlunit-core-2.10.0.jar:/home/alperen/.m2/repository/org/springframework/boot/spring-boot-starter-validation/3.4.4/spring-boot-starter-validation-3.4.4.jar:/home/alperen/.m2/repository/org/apache/tomcat/embed/tomcat-embed-el/10.1.39/tomcat-embed-el-10.1.39.jar:/home/alperen/.m2/repository/org/hibernate/validator/hibernate-validator/8.0.2.Final/hibernate-validator-8.0.2.Final.jar:/home/alperen/.m2/repository/jakarta/validation/jakarta.validation-api/3.0.2/jakarta.validation-api-3.0.2.jar:"/>
    <property name="sun.cpu.endian" value="little"/>
    <property name="user.home" value="/home/alperen"/>
    <property name="user.language" value="de"/>
    <property name="java.specification.vendor" value="Oracle Corporation"/>
    <property name="java.version.date" value="2025-01-21"/>
    <property name="java.home" value="/home/linuxbrew/.linuxbrew/Cellar/openjdk/23.0.2/libexec"/>
    <property name="file.separator" value="/"/>
    <property name="basedir" value="/home/alperen/Project/java-testing"/>
    <property name="java.vm.compressedOopsMode" value="32-bit"/>
    <property name="line.separator" value="&#10;"/>
    <property name="java.vm.specification.vendor" value="Oracle Corporation"/>
    <property name="java.specification.name" value="Java Platform API Specification"/>
    <property name="FILE_LOG_CHARSET" value="UTF-8"/>
    <property name="java.awt.headless" value="true"/>
    <property name="surefire.real.class.path" value="/home/alperen/Project/java-testing/target/surefire/surefirebooter-20250412124335973_3.jar"/>
    <property name="sun.management.compiler" value="HotSpot 64-Bit Tiered Compilers"/>
    <property name="java.runtime.version" value="23.0.2"/>
    <property name="user.name" value="alperen"/>
    <property name="stdout.encoding" value="UTF-8"/>
    <property name="path.separator" value=":"/>
    <property name="os.version" value="6.8.0-57-generic"/>
    <property name="java.runtime.name" value="OpenJDK Runtime Environment"/>
    <property name="file.encoding" value="UTF-8"/>
    <property name="java.vm.name" value="OpenJDK 64-Bit Server VM"/>
    <property name="java.vendor.version" value="Homebrew"/>
    <property name="localRepository" value="/home/alperen/.m2/repository"/>
    <property name="java.vendor.url.bug" value="https://github.com/Homebrew/homebrew-core/issues"/>
    <property name="java.io.tmpdir" value="/tmp"/>
    <property name="com.zaxxer.hikari.pool_number" value="2"/>
    <property name="java.version" value="23.0.2"/>
    <property name="user.dir" value="/home/alperen/Project/java-testing"/>
    <property name="os.arch" value="amd64"/>
    <property name="java.vm.specification.name" value="Java Virtual Machine Specification"/>
    <property name="PID" value="24510"/>
    <property name="CONSOLE_LOG_CHARSET" value="UTF-8"/>
    <property name="native.encoding" value="UTF-8"/>
    <property name="java.library.path" value="/usr/java/packages/lib:/usr/lib64:/lib64:/lib:/usr/lib"/>
    <property name="java.vm.info" value="mixed mode, sharing"/>
    <property name="stderr.encoding" value="UTF-8"/>
    <property name="java.vendor" value="Homebrew"/>
    <property name="java.vm.version" value="23.0.2"/>
    <property name="sun.io.unicode.encoding" value="UnicodeLittle"/>
    <property name="java.class.version" value="67.0"/>
    <property name="LOGGED_APPLICATION_NAME" value="[Seminarverwaltung] "/>
  </properties>
  <testcase name="contextLoads" classname="gmbh.conteco.seminarverwaltung.SeminarverwaltungApplicationTests" time="0.007">
    <system-out><![CDATA[2025-04-12T12:43:50.509+02:00  INFO 24510 --- [Seminarverwaltung] [           main] t.c.s.AnnotationConfigContextLoaderUtils : Could not detect default configuration classes for test class [gmbh.conteco.seminarverwaltung.SeminarverwaltungApplicationTests]: SeminarverwaltungApplicationTests does not declare any static, non-private, non-final, nested classes annotated with @Configuration.
2025-04-12T12:43:50.518+02:00  INFO 24510 --- [Seminarverwaltung] [           main] .b.t.c.SpringBootTestContextBootstrapper : Found @SpringBootConfiguration gmbh.conteco.seminarverwaltung.SeminarverwaltungApplication for test class gmbh.conteco.seminarverwaltung.SeminarverwaltungApplicationTests
2025-04-12T12:43:50.524+02:00  INFO 24510 --- [Seminarverwaltung] [           main] o.s.b.d.r.RestartApplicationListener     : Restart disabled due to context in which it is running

  .   ____          _            __ _ _
 /\\ / ___'_ __ _ _(_)_ __  __ _ \ \ \ \
( ( )\___ | '_ | '_| | '_ \/ _` | \ \ \ \
 \\/  ___)| |_)| | | | | || (_| |  ) ) ) )
  '  |____| .__|_| |_|_| |_\__, | / / / /
 =========|_|==============|___/=/_/_/_/

 :: Spring Boot ::                (v3.4.4)

2025-04-12T12:43:50.558+02:00  INFO 24510 --- [Seminarverwaltung] [           main] g.c.s.SeminarverwaltungApplicationTests  : Starting SeminarverwaltungApplicationTests using Java 23.0.2 with PID 24510 (started by alperen in /home/alperen/Project/java-testing)
2025-04-12T12:43:50.559+02:00  INFO 24510 --- [Seminarverwaltung] [           main] g.c.s.SeminarverwaltungApplicationTests  : No active profile set, falling back to 1 default profile: "default"
2025-04-12T12:43:50.878+02:00  INFO 24510 --- [Seminarverwaltung] [           main] .s.d.r.c.RepositoryConfigurationDelegate : Bootstrapping Spring Data JPA repositories in DEFAULT mode.
2025-04-12T12:43:50.891+02:00  INFO 24510 --- [Seminarverwaltung] [           main] .s.d.r.c.RepositoryConfigurationDelegate : Finished Spring Data repository scanning in 12 ms. Found 3 JPA repository interfaces.
2025-04-12T12:43:51.006+02:00  INFO 24510 --- [Seminarverwaltung] [           main] o.hibernate.jpa.internal.util.LogHelper  : HHH000204: Processing PersistenceUnitInfo [name: default]
2025-04-12T12:43:51.008+02:00  INFO 24510 --- [Seminarverwaltung] [           main] o.h.c.internal.RegionFactoryInitiator    : HHH000026: Second-level cache disabled
2025-04-12T12:43:51.019+02:00  INFO 24510 --- [Seminarverwaltung] [           main] o.s.o.j.p.SpringPersistenceUnitInfo      : No LoadTimeWeaver setup: ignoring JPA class transformer
2025-04-12T12:43:51.020+02:00  INFO 24510 --- [Seminarverwaltung] [           main] com.zaxxer.hikari.HikariDataSource       : HikariPool-2 - Starting...
2025-04-12T12:43:51.021+02:00  INFO 24510 --- [Seminarverwaltung] [           main] com.zaxxer.hikari.pool.HikariPool        : HikariPool-2 - Added connection conn30: url=jdbc:h2:./seminare user=
2025-04-12T12:43:51.022+02:00  INFO 24510 --- [Seminarverwaltung] [           main] com.zaxxer.hikari.HikariDataSource       : HikariPool-2 - Start completed.
2025-04-12T12:43:51.023+02:00  INFO 24510 --- [Seminarverwaltung] [           main] org.hibernate.orm.connections.pooling    : HHH10001005: Database info:
	Database JDBC URL [Connecting through datasource 'HikariDataSource (HikariPool-2)']
	Database driver: undefined/unknown
	Database version: 2.3.232
	Autocommit mode: undefined/unknown
	Isolation level: undefined/unknown
	Minimum pool size: undefined/unknown
	Maximum pool size: undefined/unknown
2025-04-12T12:43:51.148+02:00 DEBUG 24510 --- [Seminarverwaltung] [           main] org.hibernate.SQL                        : create global temporary table HTE_seminartag(end_uhrzeit time(6), rn_ integer not null, start_uhrzeit time(6), tag_datum date, id bigint, seminar_id uuid, primary key (rn_)) TRANSACTIONAL
Hibernate: create global temporary table HTE_seminartag(end_uhrzeit time(6), rn_ integer not null, start_uhrzeit time(6), tag_datum date, id bigint, seminar_id uuid, primary key (rn_)) TRANSACTIONAL
2025-04-12T12:43:51.151+02:00 DEBUG 24510 --- [Seminarverwaltung] [           main] org.hibernate.SQL                        : create global temporary table HTE_kunde(rn_ integer not null, id bigint, name varchar(255), primary key (rn_)) TRANSACTIONAL
Hibernate: create global temporary table HTE_kunde(rn_ integer not null, id bigint, name varchar(255), primary key (rn_)) TRANSACTIONAL
2025-04-12T12:43:51.153+02:00 DEBUG 24510 --- [Seminarverwaltung] [           main] org.hibernate.SQL                        : create global temporary table HTE_users(is_dozent boolean, rn_ integer not null, id bigint, username varchar(255), primary key (rn_)) TRANSACTIONAL
Hibernate: create global temporary table HTE_users(is_dozent boolean, rn_ integer not null, id bigint, username varchar(255), primary key (rn_)) TRANSACTIONAL
2025-04-12T12:43:51.165+02:00  INFO 24510 --- [Seminarverwaltung] [           main] o.h.e.t.j.p.i.JtaPlatformInitiator       : HHH000489: No JTA platform available (set 'hibernate.transaction.jta.platform' to enable JTA platform integration)
2025-04-12T12:43:51.166+02:00 DEBUG 24510 --- [Seminarverwaltung] [           main] org.hibernate.SQL                        : drop table if exists kunde cascade 
Hibernate: drop table if exists kunde cascade 
2025-04-12T12:43:51.167+02:00 DEBUG 24510 --- [Seminarverwaltung] [           main] org.hibernate.SQL                        : drop table if exists seminar cascade 
Hibernate: drop table if exists seminar cascade 
2025-04-12T12:43:51.169+02:00 DEBUG 24510 --- [Seminarverwaltung] [           main] org.hibernate.SQL                        : drop table if exists seminartag cascade 
Hibernate: drop table if exists seminartag cascade 
2025-04-12T12:43:51.170+02:00 DEBUG 24510 --- [Seminarverwaltung] [           main] org.hibernate.SQL                        : drop table if exists users cascade 
Hibernate: drop table if exists users cascade 
2025-04-12T12:43:51.171+02:00 DEBUG 24510 --- [Seminarverwaltung] [           main] org.hibernate.SQL                        : drop sequence if exists kunde_seq
Hibernate: drop sequence if exists kunde_seq
2025-04-12T12:43:51.171+02:00 DEBUG 24510 --- [Seminarverwaltung] [           main] org.hibernate.SQL                        : drop sequence if exists seminartag_seq
Hibernate: drop sequence if exists seminartag_seq
2025-04-12T12:43:51.172+02:00 DEBUG 24510 --- [Seminarverwaltung] [           main] org.hibernate.SQL                        : drop sequence if exists users_seq
Hibernate: drop sequence if exists users_seq
2025-04-12T12:43:51.173+02:00 DEBUG 24510 --- [Seminarverwaltung] [           main] org.hibernate.SQL                        : create sequence kunde_seq start with 1 increment by 50
Hibernate: create sequence kunde_seq start with 1 increment by 50
2025-04-12T12:43:51.173+02:00 DEBUG 24510 --- [Seminarverwaltung] [           main] org.hibernate.SQL                        : create sequence seminartag_seq start with 1 increment by 50
Hibernate: create sequence seminartag_seq start with 1 increment by 50
2025-04-12T12:43:51.174+02:00 DEBUG 24510 --- [Seminarverwaltung] [           main] org.hibernate.SQL                        : create sequence users_seq start with 1 increment by 50
Hibernate: create sequence users_seq start with 1 increment by 50
2025-04-12T12:43:51.175+02:00 DEBUG 24510 --- [Seminarverwaltung] [           main] org.hibernate.SQL                        : create table kunde (id bigint not null, name varchar(255) not null, primary key (id))
Hibernate: create table kunde (id bigint not null, name varchar(255) not null, primary key (id))
2025-04-12T12:43:51.176+02:00 DEBUG 24510 --- [Seminarverwaltung] [           main] org.hibernate.SQL                        : create table seminar (teilnehmer_online integer not null, teilnehmer_praesenz integer not null, created_at timestamp(6), dozent_id bigint, kunde_id bigint, quelldatum timestamp(6), updated_at timestamp(6), id uuid not null, agenda varchar(5000), beschreibung varchar(5000), link varchar(255), location varchar(255), seminar_id varchar(255), titel varchar(255) not null, art enum ('HYBRID','ONLINE','PRAESENZ'), status enum ('ABGESAGT','GEPLANT','IN_DURCHFUEHRUNG','IN_VORBEREITUNG','VERRECHNET'), primary key (id))
Hibernate: create table seminar (teilnehmer_online integer not null, teilnehmer_praesenz integer not null, created_at timestamp(6), dozent_id bigint, kunde_id bigint, quelldatum timestamp(6), updated_at timestamp(6), id uuid not null, agenda varchar(5000), beschreibung varchar(5000), link varchar(255), location varchar(255), seminar_id varchar(255), titel varchar(255) not null, art enum ('HYBRID','ONLINE','PRAESENZ'), status enum ('ABGESAGT','GEPLANT','IN_DURCHFUEHRUNG','IN_VORBEREITUNG','VERRECHNET'), primary key (id))
2025-04-12T12:43:51.179+02:00 DEBUG 24510 --- [Seminarverwaltung] [           main] org.hibernate.SQL                        : create table seminartag (end_uhrzeit time(6), start_uhrzeit time(6), tag_datum date not null, id bigint not null, seminar_id uuid, primary key (id))
Hibernate: create table seminartag (end_uhrzeit time(6), start_uhrzeit time(6), tag_datum date not null, id bigint not null, seminar_id uuid, primary key (id))
2025-04-12T12:43:51.181+02:00 DEBUG 24510 --- [Seminarverwaltung] [           main] org.hibernate.SQL                        : create table users (is_dozent boolean default true not null, id bigint not null, username varchar(255) not null, primary key (id))
Hibernate: create table users (is_dozent boolean default true not null, id bigint not null, username varchar(255) not null, primary key (id))
2025-04-12T12:43:51.182+02:00 DEBUG 24510 --- [Seminarverwaltung] [           main] org.hibernate.SQL                        : alter table if exists seminar add constraint FK6xlaobp58mh1ivpqe16v6gqvi foreign key (dozent_id) references users
Hibernate: alter table if exists seminar add constraint FK6xlaobp58mh1ivpqe16v6gqvi foreign key (dozent_id) references users
2025-04-12T12:43:51.185+02:00 DEBUG 24510 --- [Seminarverwaltung] [           main] org.hibernate.SQL                        : alter table if exists seminar add constraint FKirbm4sismusxdlgwl7nc83tn7 foreign key (kunde_id) references kunde
Hibernate: alter table if exists seminar add constraint FKirbm4sismusxdlgwl7nc83tn7 foreign key (kunde_id) references kunde
2025-04-12T12:43:51.187+02:00 DEBUG 24510 --- [Seminarverwaltung] [           main] org.hibernate.SQL                        : alter table if exists seminartag add constraint FKbjbq41usyd7qjys9xb685iwf7 foreign key (seminar_id) references seminar
Hibernate: alter table if exists seminartag add constraint FKbjbq41usyd7qjys9xb685iwf7 foreign key (seminar_id) references seminar
2025-04-12T12:43:51.190+02:00  INFO 24510 --- [Seminarverwaltung] [           main] j.LocalContainerEntityManagerFactoryBean : Initialized JPA EntityManagerFactory for persistence unit 'default'
2025-04-12T12:43:51.341+02:00  WARN 24510 --- [Seminarverwaltung] [           main] JpaBaseConfiguration$JpaWebConfiguration : spring.jpa.open-in-view is enabled by default. Therefore, database queries may be performed during view rendering. Explicitly configure spring.jpa.open-in-view to disable this warning
2025-04-12T12:43:51.494+02:00  INFO 24510 --- [Seminarverwaltung] [           main] o.s.b.a.h2.H2ConsoleAutoConfiguration    : H2 console available at '/h2-console'. Database available at 'jdbc:h2:./seminare'
2025-04-12T12:43:51.527+02:00  INFO 24510 --- [Seminarverwaltung] [           main] g.c.s.SeminarverwaltungApplicationTests  : Started SeminarverwaltungApplicationTests in 1.004 seconds (process running for 15.475)
]]></system-out>
  </testcase>
</testsuite>